<?xml version="1.0" encoding="UTF-8"?>
<!-- Generated by org.testng.reporters.JUnitReportReporter -->
<testsuite skipped="0" hostname="DESKTOP-C7SRO4S" name="Test1.DatProvider" tests="3" failures="0" timestamp="24 May 2020 12:18:26 GMT" time="28.098" errors="0">
  <testcase name="loginTest" time="8.531" classname="Test1.DatProvider"/>
  <testcase name="loginTest" time="9.775" classname="Test1.DatProvider"/>
  <testcase name="loginTest" time="9.792" classname="Test1.DatProvider"/>
</testsuite> <!-- Test1.DatProvider -->
